<?xml version="1.0" encoding="UTF-8"?>
<!-- Generated by org.testng.reporters.JUnitReportReporter -->
<testsuite skipped="0" hostname="Praveen-MacBook-Air.local" name="com.inetbanking.testcases.TestReport" tests="2" failures="0" timestamp="12 Dec 2019 06:25:30 GMT" time="2.120" errors="0">
  <testcase name="loginTest" time="2.113" classname="com.inetbanking.testcases.TestReport"/>
  <testcase name="test1" time="0.007" classname="com.inetbanking.testcases.TestReport"/>
</testsuite> <!-- com.inetbanking.testcases.TestReport -->
