<?xml version="1.0" encoding="UTF-8"?>
<!-- Generated by org.testng.reporters.JUnitReportReporter -->
<testsuite skipped="0" hostname="Praveen-MacBook-Air.local" name="com.inetbanking.testcases.TC_LoginTest_001" tests="1" failures="0" timestamp="13 Dec 2019 05:10:54 GMT" time="1.576" errors="0">
  <testcase name="loginTest" time="1.576" classname="com.inetbanking.testcases.TC_LoginTest_001"/>
</testsuite> <!-- com.inetbanking.testcases.TC_LoginTest_001 -->
