<?xml version="1.0" encoding="UTF-8"?>
<!-- Generated by org.testng.reporters.JUnitReportReporter -->
<testsuite skipped="0" hostname="Praveen-MacBook-Air.local" name="com.inetbanking.testcases.TC_LoginTest_001" tests="1" failures="0" timestamp="16 Dec 2019 07:13:31 GMT" time="2.085" errors="0">
  <testcase name="loginTest" time="2.085" classname="com.inetbanking.testcases.TC_LoginTest_001"/>
</testsuite> <!-- com.inetbanking.testcases.TC_LoginTest_001 -->
