<?xml version="1.0" encoding="UTF-8"?>
<!-- Generated by org.testng.reporters.JUnitReportReporter -->
<testsuite skipped="0" hostname="Praveen-MacBook-Air.local" name="com.inetbanking.testcases.TC_AddCustomerTest_003" tests="1" failures="0" timestamp="16 Dec 2019 07:13:26 GMT" time="18.742" errors="0">
  <testcase name="addNewCustomer" time="18.742" classname="com.inetbanking.testcases.TC_AddCustomerTest_003"/>
</testsuite> <!-- com.inetbanking.testcases.TC_AddCustomerTest_003 -->
